c:\users\sueyoshiii\desktop\3年開発\dx12\dx12tutorial\dx12tutorial\x64\debug\vc141.pdb
c:\users\sueyoshiii\desktop\3年開発\dx12\dx12tutorial\dx12tutorial\x64\debug\vc141.idb
c:\users\sueyoshiii\desktop\3年開発\dx12\dx12tutorial\dx12tutorial\x64\debug\pmdmodel.obj
c:\users\sueyoshiii\desktop\3年開発\dx12\dx12tutorial\dx12tutorial\x64\debug\main.obj
c:\users\sueyoshiii\desktop\3年開発\dx12\dx12tutorial\dx12tutorial\x64\debug\dx12wrapper.obj
c:\users\sueyoshiii\desktop\3年開発\dx12\dx12tutorial\dx12tutorial\x64\debug\application.obj
c:\users\sueyoshiii\desktop\3年開発\dx12\dx12tutorial\x64\debug\shader.cso
c:\users\sueyoshiii\desktop\3年開発\dx12\dx12tutorial\x64\debug\dx12tutorial.exe
c:\users\sueyoshiii\desktop\3年開発\dx12\dx12tutorial\x64\debug\dx12tutorial.ilk
c:\users\sueyoshiii\desktop\3年開発\dx12\dx12tutorial\x64\debug\dx12tutorial.pdb
c:\users\sueyoshiii\desktop\3年開発\dx12\dx12tutorial\dx12tutorial\x64\debug\dx12wrapper.obj.enc
c:\users\sueyoshiii\desktop\3年開発\dx12\dx12tutorial\dx12tutorial\x64\debug\application.nativecodeanalysis.xml
c:\users\sueyoshiii\desktop\3年開発\dx12\dx12tutorial\dx12tutorial\x64\debug\dx12wrapper.nativecodeanalysis.xml
c:\users\sueyoshiii\desktop\3年開発\dx12\dx12tutorial\dx12tutorial\x64\debug\dx12tutorial.tlog\cl.command.1.tlog
c:\users\sueyoshiii\desktop\3年開発\dx12\dx12tutorial\dx12tutorial\x64\debug\dx12tutorial.tlog\cl.read.1.tlog
c:\users\sueyoshiii\desktop\3年開発\dx12\dx12tutorial\dx12tutorial\x64\debug\dx12tutorial.tlog\cl.write.1.tlog
c:\users\sueyoshiii\desktop\3年開発\dx12\dx12tutorial\dx12tutorial\x64\debug\dx12tutorial.tlog\fxc.command.1.tlog
c:\users\sueyoshiii\desktop\3年開発\dx12\dx12tutorial\dx12tutorial\x64\debug\dx12tutorial.tlog\fxc.read.1.tlog
c:\users\sueyoshiii\desktop\3年開発\dx12\dx12tutorial\dx12tutorial\x64\debug\dx12tutorial.tlog\fxc.write.1.tlog
c:\users\sueyoshiii\desktop\3年開発\dx12\dx12tutorial\dx12tutorial\x64\debug\dx12tutorial.tlog\link.command.1.tlog
c:\users\sueyoshiii\desktop\3年開発\dx12\dx12tutorial\dx12tutorial\x64\debug\dx12tutorial.tlog\link.read.1.tlog
c:\users\sueyoshiii\desktop\3年開発\dx12\dx12tutorial\dx12tutorial\x64\debug\dx12tutorial.tlog\link.write.1.tlog
