  Application.cpp
  DX12Wrapper.cpp
c:\users\sueyoshiii\desktop\3年開発\dx12\dx12tutorial\dx12tutorial\dx12wrapper.cpp(252): warning C4267: '=': 'size_t' から 'UINT' に変換しました。データが失われているかもしれません。
c:\users\sueyoshiii\desktop\3年開発\dx12\dx12tutorial\dx12tutorial\dx12wrapper.cpp(266): warning C4267: '=': 'size_t' から 'UINT' に変換しました。データが失われているかもしれません。
c:\users\sueyoshiii\desktop\3年開発\dx12\dx12tutorial\dx12tutorial\dx12wrapper.cpp(443): warning C4267: '=': 'size_t' から 'UINT' に変換しました。データが失われているかもしれません。
c:\users\sueyoshiii\desktop\3年開発\dx12\dx12tutorial\dx12tutorial\dx12wrapper.cpp(472): warning C4267: '引数': 'size_t' から 'UINT' に変換しました。データが失われているかもしれません。
c:\users\sueyoshiii\desktop\3年開発\dx12\dx12tutorial\dx12tutorial\dx12wrapper.cpp(548): warning C4267: '=': 'size_t' から 'UINT' に変換しました。データが失われているかもしれません。
c:\users\sueyoshiii\desktop\3年開発\dx12\dx12tutorial\dx12tutorial\dx12wrapper.cpp(565): warning C4267: '=': 'size_t' から 'UINT' に変換しました。データが失われているかもしれません。
c:\users\sueyoshiii\desktop\3年開発\dx12\dx12tutorial\dx12tutorial\dx12wrapper.cpp(650): warning C4267: '=': 'size_t' から 'UINT' に変換しました。データが失われているかもしれません。
c:\users\sueyoshiii\desktop\3年開発\dx12\dx12tutorial\dx12tutorial\dx12wrapper.cpp(674): warning C4244: '=': 'int' から 'FLOAT' への変換です。データが失われる可能性があります。
c:\users\sueyoshiii\desktop\3年開発\dx12\dx12tutorial\dx12tutorial\dx12wrapper.cpp(675): warning C4244: '=': 'int' から 'FLOAT' への変換です。データが失われる可能性があります。
c:\program files (x86)\microsoft visual studio\2017\community\vc\tools\msvc\14.13.26128\include\xutility(2440): warning C4996: 'std::copy::_Unchecked_iterators::_Deprecate': Call to 'std::copy' with parameters that may be unsafe - this call relies on the caller to check that the passed values are correct. To disable this warning, use -D_SCL_SECURE_NO_WARNINGS. See documentation on how to use Visual C++ 'Checked Iterators'
  c:\program files (x86)\microsoft visual studio\2017\community\vc\tools\msvc\14.13.26128\include\xutility(2440): note: 'std::copy::_Unchecked_iterators::_Deprecate' の宣言を確認してください
  c:\users\sueyoshiii\desktop\3年開発\dx12\dx12tutorial\dx12tutorial\dx12wrapper.cpp(246): note: コンパイル対象の関数 テンプレート インスタンス化 '_OutIt *std::copy<std::_Vector_iterator<std::_Vector_val<std::_Simple_types<_Ty>>>,PMDVertex*>(_InIt,_InIt,_OutIt)' のリファレンスを確認してください
          with
          [
              _OutIt=PMDVertex *,
              _Ty=PMDVertex,
              _InIt=std::_Vector_iterator<std::_Vector_val<std::_Simple_types<PMDVertex>>>
          ]
  PMDModel.cpp
c:\users\sueyoshiii\desktop\3年開発\dx12\dx12tutorial\dx12tutorial\pmdmodel.cpp(25): warning C4018: '<': signed と unsigned の数値を比較しようとしました。
c:\users\sueyoshiii\desktop\3年開発\dx12\dx12tutorial\dx12tutorial\pmdmodel.cpp(47): warning C4018: '<': signed と unsigned の数値を比較しようとしました。
c:\users\sueyoshiii\desktop\3年開発\dx12\dx12tutorial\dx12tutorial\pmdmodel.cpp(14): warning C4996: 'fopen': This function or variable may be unsafe. Consider using fopen_s instead. To disable deprecation, use _CRT_SECURE_NO_WARNINGS. See online help for details.
  c:\program files (x86)\windows kits\10\include\10.0.17134.0\ucrt\stdio.h(208): note: 'fopen' の宣言を確認してください
c:\users\sueyoshiii\desktop\3年開発\dx12\dx12tutorial\dx12tutorial\pmdmodel.cpp(58): warning C4267: '初期化中': 'size_t' から 'int' に変換しました。データが失われているかもしれません。
c:\users\sueyoshiii\desktop\3年開発\dx12\dx12tutorial\dx12tutorial\pmdmodel.cpp(59): warning C4267: '初期化中': 'size_t' から 'int' に変換しました。データが失われているかもしれません。
  コードを生成中...
  DX12Tutorial.vcxproj -> C:\Users\Sueyoshiii\Desktop\3年開発\DX12\DX12Tutorial\x64\Debug\DX12Tutorial.exe
