c:\users\sueyoshiii\desktop\3年開発\dx12\dx12re\dx12re\x64\debug\vc141.pdb
c:\users\sueyoshiii\desktop\3年開発\dx12\dx12re\dx12re\x64\debug\vc141.idb
c:\users\sueyoshiii\desktop\3年開発\dx12\dx12re\dx12re\x64\debug\main.obj
c:\users\sueyoshiii\desktop\3年開発\dx12\dx12re\dx12re\x64\debug\dx12wrapper.obj
c:\users\sueyoshiii\desktop\3年開発\dx12\dx12re\dx12re\x64\debug\pmdmodel.obj
c:\users\sueyoshiii\desktop\3年開発\dx12\dx12re\dx12re\x64\debug\application.obj
c:\users\sueyoshiii\desktop\3年開発\dx12\dx12re\x64\debug\shader.cso
c:\users\sueyoshiii\desktop\3年開発\dx12\dx12re\x64\debug\dx12re.exe
c:\users\sueyoshiii\desktop\3年開発\dx12\dx12re\x64\debug\dx12re.ilk
c:\users\sueyoshiii\desktop\3年開発\dx12\dx12re\x64\debug\dx12re.pdb
c:\users\sueyoshiii\desktop\3年開発\dx12\dx12re\dx12re\x64\debug\dx12wrapper.obj.enc
c:\users\sueyoshiii\desktop\3年開発\dx12\dx12re\dx12re\x64\debug\dx12re.tlog\cl.command.1.tlog
c:\users\sueyoshiii\desktop\3年開発\dx12\dx12re\dx12re\x64\debug\dx12re.tlog\cl.read.1.tlog
c:\users\sueyoshiii\desktop\3年開発\dx12\dx12re\dx12re\x64\debug\dx12re.tlog\cl.write.1.tlog
c:\users\sueyoshiii\desktop\3年開発\dx12\dx12re\dx12re\x64\debug\dx12re.tlog\fxc.command.1.tlog
c:\users\sueyoshiii\desktop\3年開発\dx12\dx12re\dx12re\x64\debug\dx12re.tlog\fxc.read.1.tlog
c:\users\sueyoshiii\desktop\3年開発\dx12\dx12re\dx12re\x64\debug\dx12re.tlog\fxc.write.1.tlog
c:\users\sueyoshiii\desktop\3年開発\dx12\dx12re\dx12re\x64\debug\dx12re.tlog\link.command.1.tlog
c:\users\sueyoshiii\desktop\3年開発\dx12\dx12re\dx12re\x64\debug\dx12re.tlog\link.read.1.tlog
c:\users\sueyoshiii\desktop\3年開発\dx12\dx12re\dx12re\x64\debug\dx12re.tlog\link.write.1.tlog
